android_tv_frontend/app/build/intermediates/manifest_merge_blame_file/release/processReleaseMainManifest/manifest-merger-blame-release-report.txt
1<?xml version="1.0" encoding="utf-8"?>
2<manifest xmlns:android="http://schemas.android.com/apk/res/android"
3    package="com.example.tv"
4    android:versionCode="1"
5    android:versionName="1.0" >
6
7    <uses-sdk
8        android:minSdkVersion="21"
9        android:targetSdkVersion="34" />
10
11    <uses-feature
11-->src/main/AndroidManifest.xml:4:5-86
12        android:name="android.software.leanback"
12-->src/main/AndroidManifest.xml:4:19-59
13        android:required="true" />
13-->src/main/AndroidManifest.xml:4:60-83
14    <uses-feature
14-->src/main/AndroidManifest.xml:5:5-90
15        android:name="android.hardware.touchscreen"
15-->src/main/AndroidManifest.xml:5:19-62
16        android:required="false" />
16-->src/main/AndroidManifest.xml:5:63-87
17
18    <uses-permission android:name="android.permission.INTERNET" />
18-->src/main/AndroidManifest.xml:6:5-67
18-->src/main/AndroidManifest.xml:6:22-64
19
20    <permission
20-->[androidx.core:core:1.13.1] AndroidManifest.xml:22:5-24:47
21        android:name="com.example.tv.DYNAMIC_RECEIVER_NOT_EXPORTED_PERMISSION"
21-->[androidx.core:core:1.13.1] AndroidManifest.xml:23:9-81
22        android:protectionLevel="signature" />
22-->[androidx.core:core:1.13.1] AndroidManifest.xml:24:9-44
23
24    <uses-permission android:name="com.example.tv.DYNAMIC_RECEIVER_NOT_EXPORTED_PERMISSION" />
24-->[androidx.core:core:1.13.1] AndroidManifest.xml:26:5-97
24-->[androidx.core:core:1.13.1] AndroidManifest.xml:26:22-94
25
26    <application
26-->src/main/AndroidManifest.xml:8:5-55:19
27        android:name="com.example.tv.TVApp"
27-->src/main/AndroidManifest.xml:9:9-44
28        android:allowBackup="true"
28-->src/main/AndroidManifest.xml:10:9-35
29        android:appComponentFactory="androidx.core.app.CoreComponentFactory"
29-->[androidx.core:core:1.13.1] AndroidManifest.xml:28:18-86
30        android:banner="@drawable/banner_tv"
30-->src/main/AndroidManifest.xml:14:9-45
31        android:extractNativeLibs="true"
32        android:label="@string/app_name"
32-->src/main/AndroidManifest.xml:11:9-41
33        android:supportsRtl="true"
33-->src/main/AndroidManifest.xml:13:9-35
34        android:theme="@style/Theme.TV.NordDark" >
34-->src/main/AndroidManifest.xml:12:9-49
35
36        <!-- Launcher: SplashActivity -->
37        <activity
37-->src/main/AndroidManifest.xml:17:9-27:20
38            android:name="com.example.tv.ui.SplashActivity"
38-->src/main/AndroidManifest.xml:18:13-60
39            android:banner="@drawable/banner_tv"
39-->src/main/AndroidManifest.xml:21:13-49
40            android:exported="true"
40-->src/main/AndroidManifest.xml:19:13-36
41            android:icon="@mipmap/ic_launcher"
41-->src/main/AndroidManifest.xml:22:13-47
42            android:launchMode="singleTop" >
42-->src/main/AndroidManifest.xml:20:13-43
43            <intent-filter>
43-->src/main/AndroidManifest.xml:23:13-26:29
44                <action android:name="android.intent.action.MAIN" />
44-->src/main/AndroidManifest.xml:24:17-69
44-->src/main/AndroidManifest.xml:24:25-66
45
46                <category android:name="android.intent.category.LEANBACK_LAUNCHER" />
46-->src/main/AndroidManifest.xml:25:17-86
46-->src/main/AndroidManifest.xml:25:27-83
47            </intent-filter>
48        </activity>
49
50        <!-- Home screen -->
51        <activity
51-->src/main/AndroidManifest.xml:30:9-34:50
52            android:name="com.example.tv.ui.home.HomeActivity"
52-->src/main/AndroidManifest.xml:31:13-63
53            android:banner="@drawable/banner_tv"
53-->src/main/AndroidManifest.xml:33:13-49
54            android:exported="false"
54-->src/main/AndroidManifest.xml:32:13-37
55            android:icon="@mipmap/ic_launcher" />
55-->src/main/AndroidManifest.xml:34:13-47
56
57        <!-- Login -->
58        <activity
58-->src/main/AndroidManifest.xml:37:9-40:46
59            android:name="com.example.tv.ui.login.LoginActivity"
59-->src/main/AndroidManifest.xml:38:13-65
60            android:exported="true"
60-->src/main/AndroidManifest.xml:39:13-36
61            android:launchMode="singleTop" />
61-->src/main/AndroidManifest.xml:40:13-43
62
63        <!-- Existing Hello World page -->
64        <activity
64-->src/main/AndroidManifest.xml:43:9-47:40
65            android:name="com.example.tv.MainActivity"
65-->src/main/AndroidManifest.xml:44:13-55
66            android:banner="@drawable/banner_tv"
66-->src/main/AndroidManifest.xml:45:13-49
67            android:exported="false"
67-->src/main/AndroidManifest.xml:47:13-37
68            android:icon="@mipmap/ic_launcher" />
68-->src/main/AndroidManifest.xml:46:13-47
69
70        <!-- Content Info Screen -->
71        <activity
71-->src/main/AndroidManifest.xml:50:9-53:74
72            android:name="com.example.tv.ui.content.ContentInfoActivity"
72-->src/main/AndroidManifest.xml:51:13-73
73            android:exported="false"
73-->src/main/AndroidManifest.xml:52:13-37
74            android:theme="@android:style/Theme.NoTitleBar.Fullscreen" />
74-->src/main/AndroidManifest.xml:53:13-71
75
76        <provider
76-->[androidx.emoji2:emoji2:1.3.0] AndroidManifest.xml:24:9-32:20
77            android:name="androidx.startup.InitializationProvider"
77-->[androidx.emoji2:emoji2:1.3.0] AndroidManifest.xml:25:13-67
78            android:authorities="com.example.tv.androidx-startup"
78-->[androidx.emoji2:emoji2:1.3.0] AndroidManifest.xml:26:13-68
79            android:exported="false" >
79-->[androidx.emoji2:emoji2:1.3.0] AndroidManifest.xml:27:13-37
80            <meta-data
80-->[androidx.emoji2:emoji2:1.3.0] AndroidManifest.xml:29:13-31:52
81                android:name="androidx.emoji2.text.EmojiCompatInitializer"
81-->[androidx.emoji2:emoji2:1.3.0] AndroidManifest.xml:30:17-75
82                android:value="androidx.startup" />
82-->[androidx.emoji2:emoji2:1.3.0] AndroidManifest.xml:31:17-49
83            <meta-data
83-->[androidx.lifecycle:lifecycle-process:2.8.6] AndroidManifest.xml:29:13-31:52
84                android:name="androidx.lifecycle.ProcessLifecycleInitializer"
84-->[androidx.lifecycle:lifecycle-process:2.8.6] AndroidManifest.xml:30:17-78
85                android:value="androidx.startup" />
85-->[androidx.lifecycle:lifecycle-process:2.8.6] AndroidManifest.xml:31:17-49
86            <meta-data
86-->[androidx.profileinstaller:profileinstaller:1.3.1] AndroidManifest.xml:29:13-31:52
87                android:name="androidx.profileinstaller.ProfileInstallerInitializer"
87-->[androidx.profileinstaller:profileinstaller:1.3.1] AndroidManifest.xml:30:17-85
88                android:value="androidx.startup" />
88-->[androidx.profileinstaller:profileinstaller:1.3.1] AndroidManifest.xml:31:17-49
89        </provider>
90
91        <receiver
91-->[androidx.profileinstaller:profileinstaller:1.3.1] AndroidManifest.xml:34:9-52:20
92            android:name="androidx.profileinstaller.ProfileInstallReceiver"
92-->[androidx.profileinstaller:profileinstaller:1.3.1] AndroidManifest.xml:35:13-76
93            android:directBootAware="false"
93-->[androidx.profileinstaller:profileinstaller:1.3.1] AndroidManifest.xml:36:13-44
94            android:enabled="true"
94-->[androidx.profileinstaller:profileinstaller:1.3.1] AndroidManifest.xml:37:13-35
95            android:exported="true"
95-->[androidx.profileinstaller:profileinstaller:1.3.1] AndroidManifest.xml:38:13-36
96            android:permission="android.permission.DUMP" >
96-->[androidx.profileinstaller:profileinstaller:1.3.1] AndroidManifest.xml:39:13-57
97            <intent-filter>
97-->[androidx.profileinstaller:profileinstaller:1.3.1] AndroidManifest.xml:40:13-42:29
98                <action android:name="androidx.profileinstaller.action.INSTALL_PROFILE" />
98-->[androidx.profileinstaller:profileinstaller:1.3.1] AndroidManifest.xml:41:17-91
98-->[androidx.profileinstaller:profileinstaller:1.3.1] AndroidManifest.xml:41:25-88
99            </intent-filter>
100            <intent-filter>
100-->[androidx.profileinstaller:profileinstaller:1.3.1] AndroidManifest.xml:43:13-45:29
101                <action android:name="androidx.profileinstaller.action.SKIP_FILE" />
101-->[androidx.profileinstaller:profileinstaller:1.3.1] AndroidManifest.xml:44:17-85
101-->[androidx.profileinstaller:profileinstaller:1.3.1] AndroidManifest.xml:44:25-82
102            </intent-filter>
103            <intent-filter>
103-->[androidx.profileinstaller:profileinstaller:1.3.1] AndroidManifest.xml:46:13-48:29
104                <action android:name="androidx.profileinstaller.action.SAVE_PROFILE" />
104-->[androidx.profileinstaller:profileinstaller:1.3.1] AndroidManifest.xml:47:17-88
104-->[androidx.profileinstaller:profileinstaller:1.3.1] AndroidManifest.xml:47:25-85
105            </intent-filter>
106            <intent-filter>
106-->[androidx.profileinstaller:profileinstaller:1.3.1] AndroidManifest.xml:49:13-51:29
107                <action android:name="androidx.profileinstaller.action.BENCHMARK_OPERATION" />
107-->[androidx.profileinstaller:profileinstaller:1.3.1] AndroidManifest.xml:50:17-95
107-->[androidx.profileinstaller:profileinstaller:1.3.1] AndroidManifest.xml:50:25-92
108            </intent-filter>
109        </receiver>
110    </application>
111
112</manifest>